# JRE version: OpenJDK Runtime Environment JBR-11.0.11.9-1341.60-jcef (11.0.11+9) (build 11.0.11+9-b1341.60)
# Java VM: OpenJDK 64-Bit Server VM JBR-11.0.11.9-1341.60-jcef (11.0.11+9-b1341.60, mixed mode, tiered, compressed oops, g1 gc, windows-amd64)
Heap:
 garbage-first heap   total 260096K, used 8254K [0x0000000702400000, 0x0000000800000000)
  region size 1024K, 3 young (3072K), 3 survivors (3072K)
 Metaspace       used 21431K, capacity 22092K, committed 22192K, reserved 1077248K
  class space    used 2486K, capacity 2768K, committed 2816K, reserved 1048576K
GC Heap History (8 events):
Event: 1.111 GC heap before
{Heap before GC invocations=0 (full 0):
 garbage-first heap   total 260096K, used 23552K [0x0000000702400000, 0x0000000800000000)
  region size 1024K, 24 young (24576K), 0 survivors (0K)
 Metaspace       used 13952K, capacity 14323K, committed 14464K, reserved 1062912K
  class space    used 1465K, capacity 1584K, committed 1664K, reserved 1048576K
}
Event: 1.115 GC heap after
{Heap after GC invocations=1 (full 0):
 garbage-first heap   total 260096K, used 5807K [0x0000000702400000, 0x0000000800000000)
  region size 1024K, 3 young (3072K), 3 survivors (3072K)
 Metaspace       used 13952K, capacity 14323K, committed 14464K, reserved 1062912K
  class space    used 1465K, capacity 1584K, committed 1664K, reserved 1048576K
}
Event: 1.313 GC heap before
{Heap before GC invocations=1 (full 0):
 garbage-first heap   total 260096K, used 28335K [0x0000000702400000, 0x0000000800000000)
  region size 1024K, 25 young (25600K), 3 survivors (3072K)
 Metaspace       used 17875K, capacity 18383K, committed 18688K, reserved 1064960K
  class space    used 1999K, capacity 2186K, committed 2304K, reserved 1048576K
}
Event: 1.317 GC heap after
{Heap after GC invocations=2 (full 0):
 garbage-first heap   total 260096K, used 7508K [0x0000000702400000, 0x0000000800000000)
  region size 1024K, 2 young (2048K), 2 survivors (2048K)
 Metaspace       used 17875K, capacity 18383K, committed 18688K, reserved 1064960K
  class space    used 1999K, capacity 2186K, committed 2304K, reserved 1048576K
}
Event: 1.434 GC heap before
{Heap before GC invocations=2 (full 0):
 garbage-first heap   total 260096K, used 26964K [0x0000000702400000, 0x0000000800000000)
  region size 1024K, 22 young (22528K), 2 survivors (2048K)
 Metaspace       used 20537K, capacity 21181K, committed 21296K, reserved 1069056K
  class space    used 2373K, capacity 2657K, committed 2688K, reserved 1048576K
}
Event: 1.436 GC heap after
{Heap after GC invocations=3 (full 0):
 garbage-first heap   total 260096K, used 8057K [0x0000000702400000, 0x0000000800000000)
  region size 1024K, 3 young (3072K), 3 survivors (3072K)
 Metaspace       used 20537K, capacity 21181K, committed 21296K, reserved 1069056K
  class space    used 2373K, capacity 2657K, committed 2688K, reserved 1048576K
}
Event: 1.466 GC heap before
{Heap before GC invocations=4 (full 0):
 garbage-first heap   total 260096K, used 15225K [0x0000000702400000, 0x0000000800000000)
  region size 1024K, 11 young (11264K), 3 survivors (3072K)
 Metaspace       used 21431K, capacity 22092K, committed 22192K, reserved 1075200K
  class space    used 2486K, capacity 2768K, committed 2816K, reserved 1048576K
}
Event: 1.468 GC heap after
{Heap after GC invocations=5 (full 0):
 garbage-first heap   total 260096K, used 8254K [0x0000000702400000, 0x0000000800000000)
  region size 1024K, 3 young (3072K), 3 survivors (3072K)
 Metaspace       used 21431K, capacity 22092K, committed 22192K, reserved 1075200K
  class space    used 2486K, capacity 2768K, committed 2816K, reserved 1048576K
}

